<?xml version="1.0" encoding="UTF-8" ?>
<testsuite errors="1" failures="0" hostname="Ryans-MacBook-Pro.local" name="poorman.tests.searching" skipped="0" tests="1" time="0.0" timestamp="2017-09-14T17:36:12">
  <properties>
    <property name="java.vendor" value="Oracle Corporation" />
    <property name="osgi.bundles.defaultStartLevel" value="4" />
    <property name="org.eclipse.debug.ui.breakpoints.toggleFactoriesUsed" value="true" />
    <property name="eclipse.pdebuild.templates" value="/Users/ryanpoorman/Desktop/Eclipse.app/Contents/Eclipse/../../../../.p2/pool/plugins/org.eclipse.pde.build_3.9.200.v20160204-0642/templates/" />
    <property name="org.osgi.supports.framework.extension" value="true" />
    <property name="sun.management.compiler" value="HotSpot 64-Bit Tiered Compilers" />
    <property name="eclipse.p2.profile" value="_Users_ryanpoorman_eclipse_jee-neon_Eclipse.app_Contents_Eclipse" />
    <property name="os.name" value="Mac OS X" />
    <property name="sun.boot.class.path" value="/Library/Java/JavaVirtualMachines/jdk1.8.0_131.jdk/Contents/Home/jre/lib/resources.jar:/Library/Java/JavaVirtualMachines/jdk1.8.0_131.jdk/Contents/Home/jre/lib/rt.jar:/Library/Java/JavaVirtualMachines/jdk1.8.0_131.jdk/Contents/Home/jre/lib/sunrsasign.jar:/Library/Java/JavaVirtualMachines/jdk1.8.0_131.jdk/Contents/Home/jre/lib/jsse.jar:/Library/Java/JavaVirtualMachines/jdk1.8.0_131.jdk/Contents/Home/jre/lib/jce.jar:/Library/Java/JavaVirtualMachines/jdk1.8.0_131.jdk/Contents/Home/jre/lib/charsets.jar:/Library/Java/JavaVirtualMachines/jdk1.8.0_131.jdk/Contents/Home/jre/lib/jfr.jar:/Library/Java/JavaVirtualMachines/jdk1.8.0_131.jdk/Contents/Home/jre/classes" />
    <property name="eclipse.running" value="true" />
    <property name="osgi.ws" value="cocoa" />
    <property name="java.vm.specification.vendor" value="Oracle Corporation" />
    <property name="ant.home" value="/Users/ryanpoorman/.p2/pool/plugins/org.apache.ant_1.9.6.v201510161327" />
    <property name="java.runtime.version" value="1.8.0_131-b11" />
    <property name="osgi.instance.area" value="file:/Users/ryanpoorman/git/" />
    <property name="org.osgi.framework.uuid" value="40d212ef-4c38-4a1a-9287-c314e2c6b7e0" />
    <property name="org.eclipse.m2e.log.dir" value="/Users/ryanpoorman/git/.metadata/.plugins/org.eclipse.m2e.logback.configuration" />
    <property name="user.name" value="ryanpoorman" />
    <property name="osgi.framework.extensions" value="reference:file:org.eclipse.osgi.compatibility.state_1.0.200.v20160504-1419.jar,reference:file:org.eclipse.wst.jsdt.nashorn.extension_1.0.2.v201610280128.jar" />
    <property name="org.osgi.framework.system.packages" value="javax.accessibility,javax.activation,javax.activity,javax.annotation,javax.annotation.processing,javax.crypto,javax.crypto.interfaces,javax.crypto.spec,javax.imageio,javax.imageio.event,javax.imageio.metadata,javax.imageio.plugins.bmp,javax.imageio.plugins.jpeg,javax.imageio.spi,javax.imageio.stream,javax.jws,javax.jws.soap,javax.lang.model,javax.lang.model.element,javax.lang.model.type,javax.lang.model.util,javax.management,javax.management.loading,javax.management.modelmbean,javax.management.monitor,javax.management.openmbean,javax.management.relation,javax.management.remote,javax.management.remote.rmi,javax.management.timer,javax.naming,javax.naming.directory,javax.naming.event,javax.naming.ldap,javax.naming.spi,javax.net,javax.net.ssl,javax.print,javax.print.attribute,javax.print.attribute.standard,javax.print.event,javax.rmi,javax.rmi.CORBA,javax.rmi.ssl,javax.script,javax.security.auth,javax.security.auth.callback,javax.security.auth.kerberos,javax.security.auth.login,javax.security.auth.spi,javax.security.auth.x500,javax.security.cert,javax.security.sasl,javax.sound.midi,javax.sound.midi.spi,javax.sound.sampled,javax.sound.sampled.spi,javax.sql,javax.sql.rowset,javax.sql.rowset.serial,javax.sql.rowset.spi,javax.swing,javax.swing.border,javax.swing.colorchooser,javax.swing.event,javax.swing.filechooser,javax.swing.plaf,javax.swing.plaf.basic,javax.swing.plaf.metal,javax.swing.plaf.multi,javax.swing.plaf.nimbus,javax.swing.plaf.synth,javax.swing.table,javax.swing.text,javax.swing.text.html,javax.swing.text.html.parser,javax.swing.text.rtf,javax.swing.tree,javax.swing.undo,javax.tools,javax.transaction,javax.transaction.xa,javax.xml,javax.xml.bind,javax.xml.bind.annotation,javax.xml.bind.annotation.adapters,javax.xml.bind.attachment,javax.xml.bind.helpers,javax.xml.bind.util,javax.xml.crypto,javax.xml.crypto.dom,javax.xml.crypto.dsig,javax.xml.crypto.dsig.dom,javax.xml.crypto.dsig.keyinfo,javax.xml.crypto.dsig.spec,javax.xml.datatype,javax.xml.namespace,javax.xml.parsers,javax.xml.soap,javax.xml.stream,javax.xml.stream.events,javax.xml.stream.util,javax.xml.transform,javax.xml.transform.dom,javax.xml.transform.sax,javax.xml.transform.stax,javax.xml.transform.stream,javax.xml.validation,javax.xml.ws,javax.xml.ws.handler,javax.xml.ws.handler.soap,javax.xml.ws.http,javax.xml.ws.soap,javax.xml.ws.spi,javax.xml.ws.spi.http,javax.xml.ws.wsaddressing,javax.xml.xpath,org.ietf.jgss,org.omg.CORBA,org.omg.CORBA_2_3,org.omg.CORBA_2_3.portable,org.omg.CORBA.DynAnyPackage,org.omg.CORBA.ORBPackage,org.omg.CORBA.portable,org.omg.CORBA.TypeCodePackage,org.omg.CosNaming,org.omg.CosNaming.NamingContextExtPackage,org.omg.CosNaming.NamingContextPackage,org.omg.Dynamic,org.omg.DynamicAny,org.omg.DynamicAny.DynAnyFactoryPackage,org.omg.DynamicAny.DynAnyPackage,org.omg.IOP,org.omg.IOP.CodecFactoryPackage,org.omg.IOP.CodecPackage,org.omg.Messaging,org.omg.PortableInterceptor,org.omg.PortableInterceptor.ORBInitInfoPackage,org.omg.PortableServer,org.omg.PortableServer.CurrentPackage,org.omg.PortableServer.POAManagerPackage,org.omg.PortableServer.POAPackage,org.omg.PortableServer.portable,org.omg.PortableServer.ServantLocatorPackage,org.omg.SendingContext,org.omg.stub.java.rmi,org.w3c.dom,org.w3c.dom.bootstrap,org.w3c.dom.css,org.w3c.dom.events,org.w3c.dom.html,org.w3c.dom.ls,org.w3c.dom.ranges,org.w3c.dom.stylesheets,org.w3c.dom.traversal,org.w3c.dom.views,org.w3c.dom.xpath,org.xml.sax,org.xml.sax.ext,org.xml.sax.helpers" />
    <property name="eclipse.launcher" value="/Users/ryanpoorman/Desktop/Eclipse.app/Contents/MacOS/eclipse" />
    <property name="eclipse.launcher.name" value="Eclipse" />
    <property name="osgi.frameworkClassPath" value="., file:/Users/ryanpoorman/.p2/pool/plugins/org.eclipse.osgi.compatibility.state_1.0.200.v20160504-1419.jar, file:/Users/ryanpoorman/.p2/pool/plugins/org.eclipse.wst.jsdt.nashorn.extension_1.0.2.v201610280128.jar" />
    <property name="org.eclipse.swt.internal.deviceZoom" value="200" />
    <property name="equinox.use.ds" value="true" />
    <property name="org.osgi.framework.language" value="en" />
    <property name="user.language" value="en" />
    <property name="org.osgi.framework.processor" value="x86-64" />
    <property name="osgi.syspath" value="/Users/ryanpoorman/.p2/pool/plugins" />
    <property name="osgi.compatibility.bootdelegation.default" value="true" />
    <property name="sun.boot.library.path" value="/Library/Java/JavaVirtualMachines/jdk1.8.0_131.jdk/Contents/Home/jre/lib" />
    <property name="org.osgi.framework.system.capabilities" value="osgi.ee; osgi.ee=&quot;OSGi/Minimum&quot;; version:List&lt;Version&gt;=&quot;1.0, 1.1, 1.2&quot;,osgi.ee; osgi.ee=&quot;JRE&quot;; version:List&lt;Version&gt;=&quot;1.0, 1.1&quot;,osgi.ee; osgi.ee=&quot;JavaSE&quot;; version:List&lt;Version&gt;=&quot;1.0, 1.1, 1.2, 1.3, 1.4, 1.5, 1.6, 1.7, 1.8&quot;,osgi.ee; osgi.ee=&quot;JavaSE/compact1&quot;; version:List&lt;Version&gt;=&quot;1.8&quot;,osgi.ee; osgi.ee=&quot;JavaSE/compact2&quot;; version:List&lt;Version&gt;=&quot;1.8&quot;,osgi.ee; osgi.ee=&quot;JavaSE/compact3&quot;; version:List&lt;Version&gt;=&quot;1.8&quot;" />
    <property name="oomph.redirection.index.redirection" value="index:/-&gt;http://git.eclipse.org/c/oomph/org.eclipse.oomph.git/plain/setups/" />
    <property name="ant.project.default-target" value="JUnitTests" />
    <property name="osgi.compatibility.bootdelegation" value="true" />
    <property name="ant.project.name" value="AlgorithmUnitTests" />
    <property name="java.version" value="1.8.0_131" />
    <property name="org.osgi.framework.os.name" value="MacOSX" />
    <property name="ant.file.AlgorithmUnitTests" value="/Users/ryanpoorman/GitHub/SortingAlgorithms/tests/build.xml" />
    <property name="user.timezone" value="America/Chicago" />
    <property name="sun.arch.data.model" value="64" />
    <property name="osgi.bundles" value="reference:file:org.eclipse.osgi.compatibility.state_1.0.200.v20160504-1419.jar,reference:file:org.eclipse.wst.jsdt.nashorn.extension_1.0.2.v201610280128.jar,reference:file:org.eclipse.equinox.simpleconfigurator_1.1.200.v20160504-1450.jar@1:start" />
    <property name="java.endorsed.dirs" value="/Library/Java/JavaVirtualMachines/jdk1.8.0_131.jdk/Contents/Home/jre/lib/endorsed" />
    <property name="osgi.tracefile" value="/Users/ryanpoorman/git/.metadata/trace.log" />
    <property name="sun.cpu.isalist" value="" />
    <property name="sun.jnu.encoding" value="UTF-8" />
    <property name="eclipse.application" value="org.eclipse.ui.ide.workbench" />
    <property name="file.encoding.pkg" value="sun.io" />
    <property name="org.osgi.framework.vendor" value="Eclipse" />
    <property name="equinox.init.uuid" value="true" />
    <property name="file.separator" value="/" />
    <property name="java.specification.name" value="Java Platform API Specification" />
    <property name="java.class.version" value="52.0" />
    <property name="user.country" value="US" />
    <property name="org.eclipse.equinox.launcher.splash.location" value="/Users/ryanpoorman/.p2/pool/plugins/org.eclipse.platform_4.6.3.v20170301-0400/splash.bmp" />
    <property name="osgi.configuration.cascaded" value="false" />
    <property name="java.home" value="/Library/Java/JavaVirtualMachines/jdk1.8.0_131.jdk/Contents/Home/jre" />
    <property name="osgi.os" value="macosx" />
    <property name="eclipse.commands" value="-os&#xa;macosx&#xa;-ws&#xa;cocoa&#xa;-arch&#xa;x86_64&#xa;-showsplash&#xa;-launcher&#xa;/Users/ryanpoorman/Desktop/Eclipse.app/Contents/MacOS/eclipse&#xa;-name&#xa;Eclipse&#xa;--launcher.library&#xa;/Users/ryanpoorman/.p2/pool/plugins/org.eclipse.equinox.launcher.cocoa.macosx.x86_64_1.1.401.v20161122-1740/eclipse_1615.so&#xa;-startup&#xa;/Users/ryanpoorman/Desktop/Eclipse.app/Contents/MacOS//../Eclipse/plugins/org.eclipse.equinox.launcher_1.3.201.v20161025-1711.jar&#xa;--launcher.appendVmargs&#xa;-product&#xa;org.eclipse.epp.package.jee.product&#xa;-keyring&#xa;/Users/ryanpoorman/.eclipse_keyring&#xa;-vm&#xa;/Library/Java/JavaVirtualMachines/jdk1.8.0_131.jdk/Contents/Home/jre/bin/../lib/server/libjvm.dylib&#xa;" />
    <property name="java.vm.info" value="mixed mode" />
    <property name="osgi.splashLocation" value="/Users/ryanpoorman/.p2/pool/plugins/org.eclipse.platform_4.6.3.v20170301-0400/splash.bmp" />
    <property name="ant.file" value="/Users/ryanpoorman/GitHub/SortingAlgorithms/tests/build.xml" />
    <property name="os.version" value="10.12.6" />
    <property name="osgi.arch" value="x86_64" />
    <property name="path.separator" value=":" />
    <property name="eclipse.home" value="/Users/ryanpoorman/Desktop/Eclipse.app/Contents/Eclipse" />
    <property name="java.vm.version" value="25.131-b11" />
    <property name="org.osgi.supports.framework.fragment" value="true" />
    <property name="ant.library.dir" value="/Users/ryanpoorman/.p2/pool/plugins/org.apache.ant_1.9.6.v201510161327/lib" />
    <property name="osgi.framework.shape" value="jar" />
    <property name="oomph.update.url" value="http://download.eclipse.org/oomph/updates/milestone/latest" />
    <property name="osgi.instance.area.default" value="file:/Users/ryanpoorman/Documents/workspace/" />
    <property name="java.awt.printerjob" value="sun.lwawt.macosx.CPrinterJob" />
    <property name="ant.file.type.AlgorithmUnitTests" value="file" />
    <property name="sun.io.unicode.encoding" value="UnicodeBig" />
    <property name="org.osgi.framework.version" value="1.8.0" />
    <property name="awt.toolkit" value="sun.lwawt.macosx.LWCToolkit" />
    <property name="socksNonProxyHosts" value="local|*.local|169.254/16|*.169.254/16" />
    <property name="ftp.nonProxyHosts" value="local|*.local|169.254/16|*.169.254/16" />
    <property name="eclipse.stateSaveDelayInterval" value="30000" />
    <property name="eclipse.pdebuild.scripts" value="/Users/ryanpoorman/Desktop/Eclipse.app/Contents/Eclipse/../../../../.p2/pool/plugins/org.eclipse.pde.build_3.9.200.v20160204-0642/scripts/" />
    <property name="osgi.install.area" value="file:/Users/ryanpoorman/Desktop/Eclipse.app/Contents/Eclipse/" />
    <property name="osgi.framework" value="file:/Users/ryanpoorman/.p2/pool/plugins/org.eclipse.osgi_3.11.3.v20170209-1843.jar" />
    <property name="user.home" value="/Users/ryanpoorman" />
    <property name="org.eclipse.equinox.simpleconfigurator.configUrl" value="file:org.eclipse.equinox.simpleconfigurator/bundles.info" />
    <property name="osgi.splashPath" value="file:/Users/ryanpoorman/.p2/pool/plugins/org.eclipse.platform_4.6.3.v20170301-0400" />
    <property name="osgi.framework.useSystemProperties" value="true" />
    <property name="osgi.nl" value="en_US" />
    <property name="java.specification.vendor" value="Oracle Corporation" />
    <property name="java.library.path" value="/Users/ryanpoorman/Library/Java/Extensions:/Library/Java/Extensions:/Network/Library/Java/Extensions:/System/Library/Java/Extensions:/usr/lib/java:." />
    <property name="java.vendor.url" value="http://java.oracle.com/" />
    <property name="testdir" value="/Users/ryanpoorman/GitHub/SortingAlgorithms/tests/tests" />
    <property name="eclipse.startTime" value="1505344094855" />
    <property name="eclipse.p2.data.area" value="file:/Users/ryanpoorman/.p2/" />
    <property name="org.osgi.framework.os.version" value="10.12.6" />
    <property name="java.vm.vendor" value="Oracle Corporation" />
    <property name="eclipse.p2.max.threads" value="10" />
    <property name="gopherProxySet" value="false" />
    <property name="java.runtime.name" value="Java(TM) SE Runtime Environment" />
    <property name="java.class.path" value="/Users/ryanpoorman/Desktop/Eclipse.app/Contents/MacOS//../Eclipse/plugins/org.eclipse.equinox.launcher_1.3.201.v20161025-1711.jar" />
    <property name="ant.version" value="Apache Ant(TM) version 1.9.6 compiled on June 29 2015" />
    <property name="osgi.requiredJavaVersion" value="1.8" />
    <property name="org.eclipse.update.reconcile" value="false" />
    <property name="eclipse.vm" value="/Library/Java/JavaVirtualMachines/jdk1.8.0_131.jdk/Contents/Home/jre/bin/../lib/server/libjvm.dylib" />
    <property name="java.vm.specification.name" value="Java Virtual Machine Specification" />
    <property name="java.vm.specification.version" value="1.8" />
    <property name="sun.os.patch.level" value="unknown" />
    <property name="org.eclipse.swt.internal.carbon.smallFonts" value="" />
    <property name="sun.cpu.endian" value="little" />
    <property name="gosh.args" value="--nointeractive" />
    <property name="eclipse.pdebuild.home" value="/Users/ryanpoorman/Desktop/Eclipse.app/Contents/Eclipse/../../../../.p2/pool/plugins/org.eclipse.pde.build_3.9.200.v20160204-0642/./" />
    <property name="java.io.tmpdir" value="/var/folders/gn/pqbgzxbx2pg1l_0g13c8zwm40000gn/T/" />
    <property name="applicationXMI" value="org.eclipse.ui.workbench/LegacyIDE.e4xmi" />
    <property name="java.vendor.url.bug" value="http://bugreport.sun.com/bugreport/" />
    <property name="eclipse.product" value="org.eclipse.epp.package.jee.product" />
    <property name="eclipse.home.location" value="file:/Users/ryanpoorman/Desktop/Eclipse.app/Contents/Eclipse/" />
    <property name="java.awt.graphicsenv" value="sun.awt.CGraphicsEnvironment" />
    <property name="os.arch" value="x86_64" />
    <property name="java.ext.dirs" value="/Users/ryanpoorman/Library/Java/Extensions:/Library/Java/JavaVirtualMachines/jdk1.8.0_131.jdk/Contents/Home/jre/lib/ext:/Library/Java/Extensions:/Network/Library/Java/Extensions:/System/Library/Java/Extensions:/usr/lib/java" />
    <property name="user.dir" value="/Users/ryanpoorman/Desktop/Eclipse.app/Contents/MacOS" />
    <property name="org.osgi.supports.framework.requirebundle" value="true" />
    <property name="line.separator" value="&#xa;" />
    <property name="java.vm.name" value="Java HotSpot(TM) 64-Bit Server VM" />
    <property name="org.apache.commons.logging.Log" value="org.apache.commons.logging.impl.NoOpLog" />
    <property name="basedir" value="/Users/ryanpoorman/GitHub/SortingAlgorithms/tests" />
    <property name="ant.java.version" value="1.8" />
    <property name="ant.core.lib" value="/Users/ryanpoorman/Desktop/Eclipse.app/Contents/Eclipse/../../../../.p2/pool/plugins/org.apache.ant_1.9.6.v201510161327/lib/ant.jar" />
    <property name="file.encoding" value="UTF-8" />
    <property name="eclipse.buildId" value="4.6.3.M20170301-0400" />
    <property name="eclipse.vmargs" value="-Dosgi.requiredJavaVersion=1.8&#xa;-XX:+UseG1GC&#xa;-XX:+UseStringDeduplication&#xa;-XstartOnFirstThread&#xa;-Dorg.eclipse.swt.internal.carbon.smallFonts&#xa;-Dosgi.requiredJavaVersion=1.8&#xa;-Xms256m&#xa;-Xmx1024m&#xa;-Xdock:icon=../Resources/Eclipse.icns&#xa;-XstartOnFirstThread&#xa;-Dorg.eclipse.swt.internal.carbon.smallFonts&#xa;-Declipse.p2.max.threads=10&#xa;-Doomph.update.url=http://download.eclipse.org/oomph/updates/milestone/latest&#xa;-Doomph.redirection.index.redirection=index:/-&gt;http://git.eclipse.org/c/oomph/org.eclipse.oomph.git/plain/setups/&#xa;-Djava.class.path=/Users/ryanpoorman/Desktop/Eclipse.app/Contents/MacOS//../Eclipse/plugins/org.eclipse.equinox.launcher_1.3.201.v20161025-1711.jar&#xa;" />
    <property name="java.specification.version" value="1.8" />
    <property name="org.osgi.framework.executionenvironment" value="OSGi/Minimum-1.0,OSGi/Minimum-1.1,OSGi/Minimum-1.2,JavaSE/compact1-1.8,JavaSE/compact2-1.8,JavaSE/compact3-1.8,JRE-1.1,J2SE-1.2,J2SE-1.3,J2SE-1.4,J2SE-1.5,JavaSE-1.6,JavaSE-1.7,JavaSE-1.8" />
    <property name="ant.project.invoked-targets" value="JUnitTests" />
    <property name="osgi.configuration.area" value="file:/Users/ryanpoorman/Desktop/Eclipse.app/Contents/Eclipse/configuration/" />
    <property name="osgi.logfile" value="/Users/ryanpoorman/git/.metadata/.log" />
  </properties>
  <error message="poorman.tests.searching" type="java.lang.ClassNotFoundException">java.lang.ClassNotFoundException: poorman.tests.searching
	at java.lang.ClassLoader.loadClass(ClassLoader.java:357)
	at java.lang.Class.forName0(Native Method)
	at java.lang.Class.forName(Class.java:348)
	at org.eclipse.ant.internal.core.ant.EclipseDefaultExecutor.executeTargets(EclipseDefaultExecutor.java:36)
	at org.eclipse.ant.internal.core.ant.InternalAntRunner.run(InternalAntRunner.java:705)
	at org.eclipse.ant.internal.core.ant.InternalAntRunner.run(InternalAntRunner.java:527)
	at org.eclipse.ant.core.AntRunner.run(AntRunner.java:371)
	at org.eclipse.ant.internal.launching.launchConfigurations.AntLaunchDelegate.runInSameVM(AntLaunchDelegate.java:291)
	at org.eclipse.ant.internal.launching.launchConfigurations.AntLaunchDelegate.launch(AntLaunchDelegate.java:250)
	at org.eclipse.debug.internal.core.LaunchConfiguration.launch(LaunchConfiguration.java:885)
	at org.eclipse.debug.internal.core.LaunchConfiguration.launch(LaunchConfiguration.java:739)
	at org.eclipse.debug.internal.core.LaunchConfiguration.launch(LaunchConfiguration.java:731)
	at org.eclipse.core.externaltools.internal.model.ExternalToolBuilder.launchBuild(ExternalToolBuilder.java:183)
	at org.eclipse.core.externaltools.internal.model.ExternalToolBuilder.doBuildBasedOnScope(ExternalToolBuilder.java:171)
	at org.eclipse.core.externaltools.internal.model.ExternalToolBuilder.build(ExternalToolBuilder.java:90)
	at org.eclipse.core.internal.events.BuildManager$2.run(BuildManager.java:735)
	at org.eclipse.core.runtime.SafeRunner.run(SafeRunner.java:42)
	at org.eclipse.core.internal.events.BuildManager.basicBuild(BuildManager.java:206)
	at org.eclipse.core.internal.events.BuildManager.basicBuild(BuildManager.java:246)
	at org.eclipse.core.internal.events.BuildManager$1.run(BuildManager.java:301)
	at org.eclipse.core.runtime.SafeRunner.run(SafeRunner.java:42)
	at org.eclipse.core.internal.events.BuildManager.basicBuild(BuildManager.java:304)
	at org.eclipse.core.internal.events.BuildManager.basicBuildLoop(BuildManager.java:360)
	at org.eclipse.core.internal.events.BuildManager.build(BuildManager.java:383)
	at org.eclipse.core.internal.resources.Workspace.buildInternal(Workspace.java:487)
	at org.eclipse.core.internal.resources.Workspace.build(Workspace.java:399)
	at org.eclipse.ui.actions.GlobalBuildAction$1.run(GlobalBuildAction.java:177)
	at org.eclipse.core.internal.jobs.Worker.run(Worker.java:55)
</error>
  <system-out><![CDATA[]]></system-out>
  <system-err><![CDATA[]]></system-err>
</testsuite>
